<?xml version="1.0" encoding="UTF-8"?>
<coverage generated="1585729996103" clover="3.2.0">
  <project timestamp="1585729996103" name="All files">
    <metrics statements="29" coveredstatements="29" conditionals="2" coveredconditionals="2" methods="10" coveredmethods="10" elements="41" coveredelements="41" complexity="0" loc="29" ncloc="29" packages="1" files="3" classes="3"/>
    <file name="ctx-utils.js" path="/Users/georgefrancis/Documents/fundev/cx/src/ctx-utils.js">
      <metrics statements="9" coveredstatements="9" conditionals="2" coveredconditionals="2" methods="5" coveredmethods="5"/>
      <line num="2" count="6" type="stmt"/>
      <line num="6" count="6" type="stmt"/>
      <line num="7" count="426" type="stmt"/>
      <line num="9" count="4" type="cond" truecount="2" falsecount="0"/>
      <line num="14" count="1" type="stmt"/>
      <line num="19" count="6" type="stmt"/>
      <line num="20" count="1" type="stmt"/>
      <line num="21" count="1" type="stmt"/>
      <line num="25" count="6" type="stmt"/>
    </file>
    <file name="cx.js" path="/Users/georgefrancis/Documents/fundev/cx/src/cx.js">
      <metrics statements="8" coveredstatements="8" conditionals="0" coveredconditionals="0" methods="2" coveredmethods="2"/>
      <line num="9" count="1" type="stmt"/>
      <line num="17" count="6" type="stmt"/>
      <line num="19" count="6" type="stmt"/>
      <line num="20" count="6" type="stmt"/>
      <line num="22" count="6" type="stmt"/>
      <line num="23" count="6" type="stmt"/>
      <line num="25" count="6" type="stmt"/>
      <line num="30" count="1" type="stmt"/>
    </file>
    <file name="dom-utils.js" path="/Users/georgefrancis/Documents/fundev/cx/src/dom-utils.js">
      <metrics statements="12" coveredstatements="12" conditionals="0" coveredconditionals="0" methods="3" coveredmethods="3"/>
      <line num="2" count="6" type="stmt"/>
      <line num="4" count="6" type="stmt"/>
      <line num="5" count="6" type="stmt"/>
      <line num="7" count="6" type="stmt"/>
      <line num="11" count="7" type="stmt"/>
      <line num="12" count="7" type="stmt"/>
      <line num="14" count="7" type="stmt"/>
      <line num="15" count="7" type="stmt"/>
      <line num="17" count="7" type="stmt"/>
      <line num="18" count="7" type="stmt"/>
      <line num="20" count="7" type="stmt"/>
      <line num="24" count="6" type="stmt"/>
    </file>
  </project>
</coverage>
