{"/Users/georgefrancis/Documents/fundev/cx/src/ctx-utils.js": {"path":"/Users/georgefrancis/Documents/fundev/cx/src/ctx-utils.js","statementMap":{"0":{"start":{"line":2,"column":22},"end":{"line":4,"column":5}},"1":{"start":{"line":6,"column":4},"end":{"line":17,"column":5}},"2":{"start":{"line":7,"column":8},"end":{"line":16,"column":11}},"3":{"start":{"line":9,"column":16},"end":{"line":11,"column":43}},"4":{"start":{"line":14,"column":16},"end":{"line":14,"column":45}},"5":{"start":{"line":19,"column":4},"end":{"line":23,"column":6}},"6":{"start":{"line":20,"column":8},"end":{"line":22,"column":10}},"7":{"start":{"line":21,"column":12},"end":{"line":21,"column":55}},"8":{"start":{"line":25,"column":4},"end":{"line":25,"column":21}}},"fnMap":{"0":{"name":"createCustomContext","decl":{"start":{"line":1,"column":9},"end":{"line":1,"column":28}},"loc":{"start":{"line":1,"column":38},"end":{"line":26,"column":1}},"line":1},"1":{"name":"(anonymous_1)","decl":{"start":{"line":8,"column":12},"end":{"line":8,"column":13}},"loc":{"start":{"line":8,"column":18},"end":{"line":12,"column":13}},"line":8},"2":{"name":"(anonymous_2)","decl":{"start":{"line":13,"column":12},"end":{"line":13,"column":13}},"loc":{"start":{"line":13,"column":23},"end":{"line":15,"column":13}},"line":13},"3":{"name":"(anonymous_3)","decl":{"start":{"line":19,"column":37},"end":{"line":19,"column":38}},"loc":{"start":{"line":19,"column":58},"end":{"line":23,"column":5}},"line":19},"4":{"name":"(anonymous_4)","decl":{"start":{"line":20,"column":25},"end":{"line":20,"column":26}},"loc":{"start":{"line":20,"column":36},"end":{"line":22,"column":9}},"line":20}},"branchMap":{"0":{"loc":{"start":{"line":9,"column":23},"end":{"line":11,"column":42}},"type":"cond-expr","locations":[{"start":{"line":10,"column":22},"end":{"line":10,"column":56}},{"start":{"line":11,"column":22},"end":{"line":11,"column":42}}],"line":9}},"s":{"0":1,"1":1,"2":71,"3":0,"4":0,"5":1,"6":0,"7":0,"8":1},"f":{"0":1,"1":0,"2":0,"3":0,"4":0},"b":{"0":[0,0]},"_coverageSchema":"1a1c01bbd47fc00a2c39e90264f33305004495a9","hash":"926326c07488f64730be78cb95a1c1a3fbfe1878"}
,"/Users/georgefrancis/Documents/fundev/cx/src/cx.js": {"path":"/Users/georgefrancis/Documents/fundev/cx/src/cx.js","statementMap":{"0":{"start":{"line":9,"column":17},"end":{"line":13,"column":1}},"1":{"start":{"line":16,"column":20},"end":{"line":16,"column":49}},"2":{"start":{"line":18,"column":21},"end":{"line":18,"column":71}},"3":{"start":{"line":19,"column":16},"end":{"line":19,"column":62}},"4":{"start":{"line":21,"column":4},"end":{"line":21,"column":46}},"5":{"start":{"line":22,"column":4},"end":{"line":22,"column":63}},"6":{"start":{"line":24,"column":4},"end":{"line":32,"column":6}},"7":{"start":{"line":29,"column":16},"end":{"line":29,"column":54}}},"fnMap":{"0":{"name":"createCanvas","decl":{"start":{"line":15,"column":16},"end":{"line":15,"column":28}},"loc":{"start":{"line":15,"column":35},"end":{"line":33,"column":1}},"line":15},"1":{"name":"(anonymous_1)","decl":{"start":{"line":28,"column":12},"end":{"line":28,"column":13}},"loc":{"start":{"line":28,"column":34},"end":{"line":30,"column":13}},"line":28}},"branchMap":{"0":{"loc":{"start":{"line":22,"column":33},"end":{"line":22,"column":61}},"type":"binary-expr","locations":[{"start":{"line":22,"column":33},"end":{"line":22,"column":56}},{"start":{"line":22,"column":60},"end":{"line":22,"column":61}}],"line":22}},"s":{"0":1,"1":1,"2":1,"3":1,"4":1,"5":1,"6":1,"7":0},"f":{"0":1,"1":0},"b":{"0":[1,0]},"_coverageSchema":"1a1c01bbd47fc00a2c39e90264f33305004495a9","hash":"2a0a7689eb5dda7660abbcef3410bcd507bba379"}
,"/Users/georgefrancis/Documents/fundev/cx/src/dom-utils.js": {"path":"/Users/georgefrancis/Documents/fundev/cx/src/dom-utils.js","statementMap":{"0":{"start":{"line":2,"column":19},"end":{"line":2,"column":51}},"1":{"start":{"line":4,"column":4},"end":{"line":4,"column":25}},"2":{"start":{"line":5,"column":4},"end":{"line":5,"column":27}},"3":{"start":{"line":7,"column":4},"end":{"line":7,"column":18}},"4":{"start":{"line":11,"column":23},"end":{"line":11,"column":53}},"5":{"start":{"line":12,"column":16},"end":{"line":12,"column":39}},"6":{"start":{"line":14,"column":4},"end":{"line":14,"column":46}},"7":{"start":{"line":15,"column":4},"end":{"line":15,"column":48}},"8":{"start":{"line":17,"column":4},"end":{"line":17,"column":49}},"9":{"start":{"line":18,"column":4},"end":{"line":18,"column":51}},"10":{"start":{"line":20,"column":4},"end":{"line":20,"column":32}},"11":{"start":{"line":24,"column":4},"end":{"line":24,"column":30}}},"fnMap":{"0":{"name":"createCanvasElement","decl":{"start":{"line":1,"column":9},"end":{"line":1,"column":28}},"loc":{"start":{"line":1,"column":44},"end":{"line":8,"column":1}},"line":1},"1":{"name":"setCanvasPxDensity","decl":{"start":{"line":10,"column":9},"end":{"line":10,"column":27}},"loc":{"start":{"line":10,"column":49},"end":{"line":21,"column":1}},"line":10},"2":{"name":"mountCanvasToDOM","decl":{"start":{"line":23,"column":9},"end":{"line":23,"column":25}},"loc":{"start":{"line":23,"column":41},"end":{"line":25,"column":1}},"line":23}},"branchMap":{"0":{"loc":{"start":{"line":10,"column":36},"end":{"line":10,"column":47}},"type":"default-arg","locations":[{"start":{"line":10,"column":46},"end":{"line":10,"column":47}}],"line":10}},"s":{"0":1,"1":1,"2":1,"3":1,"4":1,"5":1,"6":1,"7":1,"8":1,"9":1,"10":1,"11":1},"f":{"0":1,"1":1,"2":1},"b":{"0":[0]},"_coverageSchema":"1a1c01bbd47fc00a2c39e90264f33305004495a9","hash":"cf239d7e9d1367fbf32e48c25e9718ec6f3058f9"}
}
