TN:
SF:src/ctx-utils.js
FN:1,createCustomContext
FN:8,(anonymous_1)
FN:13,(anonymous_2)
FN:19,(anonymous_3)
FN:20,(anonymous_4)
FNF:5
FNH:1
FNDA:1,createCustomContext
FNDA:0,(anonymous_1)
FNDA:0,(anonymous_2)
FNDA:0,(anonymous_3)
FNDA:0,(anonymous_4)
DA:2,1
DA:6,1
DA:7,71
DA:9,0
DA:14,0
DA:19,1
DA:20,0
DA:21,0
DA:25,1
LF:9
LH:5
BRDA:9,0,0,0
BRDA:9,0,1,0
BRF:2
BRH:0
end_of_record
TN:
SF:src/cx.js
FN:15,createCanvas
FN:28,(anonymous_1)
FNF:2
FNH:1
FNDA:1,createCanvas
FNDA:0,(anonymous_1)
DA:9,1
DA:16,1
DA:18,1
DA:19,1
DA:21,1
DA:22,1
DA:24,1
DA:29,0
LF:8
LH:7
BRDA:22,0,0,1
BRDA:22,0,1,0
BRF:2
BRH:1
end_of_record
TN:
SF:src/dom-utils.js
FN:1,createCanvasElement
FN:10,setCanvasPxDensity
FN:23,mountCanvasToDOM
FNF:3
FNH:3
FNDA:1,createCanvasElement
FNDA:1,setCanvasPxDensity
FNDA:1,mountCanvasToDOM
DA:2,1
DA:4,1
DA:5,1
DA:7,1
DA:11,1
DA:12,1
DA:14,1
DA:15,1
DA:17,1
DA:18,1
DA:20,1
DA:24,1
LF:12
LH:12
BRDA:10,0,0,0
BRF:1
BRH:0
end_of_record
