TN:
SF:src/ctx-utils.js
FN:1,createCustomContext
FN:8,(anonymous_1)
FN:13,(anonymous_2)
FN:19,(anonymous_3)
FN:20,(anonymous_4)
FNF:5
FNH:5
FNDA:6,createCustomContext
FNDA:4,(anonymous_1)
FNDA:1,(anonymous_2)
FNDA:1,(anonymous_3)
FNDA:1,(anonymous_4)
DA:2,6
DA:6,6
DA:7,426
DA:9,4
DA:14,1
DA:19,6
DA:20,1
DA:21,1
DA:25,6
LF:9
LH:9
BRDA:9,0,0,3
BRDA:9,0,1,1
BRF:2
BRH:2
end_of_record
TN:
SF:src/cx.js
FN:16,createCanvas
FN:29,(anonymous_1)
FNF:2
FNH:2
FNDA:6,createCanvas
FNDA:1,(anonymous_1)
DA:9,1
DA:17,6
DA:19,6
DA:20,6
DA:22,6
DA:23,6
DA:25,6
DA:30,1
LF:8
LH:8
BRF:0
BRH:0
end_of_record
TN:
SF:src/dom-utils.js
FN:1,createCanvasElement
FN:10,setCanvasPxDensity
FN:23,mountCanvasToDOM
FNF:3
FNH:3
FNDA:6,createCanvasElement
FNDA:7,setCanvasPxDensity
FNDA:6,mountCanvasToDOM
DA:2,6
DA:4,6
DA:5,6
DA:7,6
DA:11,7
DA:12,7
DA:14,7
DA:15,7
DA:17,7
DA:18,7
DA:20,7
DA:24,6
LF:12
LH:12
BRF:0
BRH:0
end_of_record
